<!DOCTYPE HTML PUBLIC "-//W3C//DTD HTML 4.01 Transitional//EN" "http://www.w3.org/TR/html4/loose.dtd">
<html>
<head>
<meta charset="UTF-8"/>
<title>Log4j Log Messages</title>
<style type="text/css">
<!--
body, table {font-family:arial,sans-serif; font-size: medium
;}th {background: #336699; color: #FFFFFF; text-align: left;}
-->
</style>
</head>
<body bgcolor="#FFFFFF" topmargin="6" leftmargin="6">
<hr size="1" noshade="noshade">
Log session start time Wed Mar 11 09:27:38 IST 2020<br>
<br>
<table cellspacing="0" cellpadding="4" border="1" bordercolor="#224466" width="100%">
<tr>
<th>Time</th>
<th>Thread</th>
<th>Level</th>
<th>Logger</th>
<th>Message</th>
</tr>

<tr>
<td>1668</td>
<td title="main thread">main</td>
<td title="Level">INFO</td>
<td title="com.design.patterns.App logger">com.design.patterns.App</td>
<td title="Message">Blue color added</td>
</tr>

<tr>
<td>1671</td>
<td title="main thread">main</td>
<td title="Level">INFO</td>
<td title="com.design.patterns.App logger">com.design.patterns.App</td>
<td title="Message">Black color added</td>
</tr>

<tr>
<td>1673</td>
<td title="main thread">main</td>
<td title="Level">INFO</td>
<td title="com.design.patterns.App logger">com.design.patterns.App</td>
<td title="Message">Car </td>
</tr>

<tr>
<td>1673</td>
<td title="main thread">main</td>
<td title="Level">INFO</td>
<td title="com.design.patterns.App logger">com.design.patterns.App</td>
<td title="Message">Produced</td>
</tr>

<tr>
<td>1673</td>
<td title="main thread">main</td>
<td title="Level">INFO</td>
<td title="com.design.patterns.App logger">com.design.patterns.App</td>
<td title="Message"> And</td>
</tr>

<tr>
<td>1673</td>
<td title="main thread">main</td>
<td title="Level">INFO</td>
<td title="com.design.patterns.App logger">com.design.patterns.App</td>
<td title="Message"> Assembled.</td>
</tr>

<tr>
<td>1675</td>
<td title="main thread">main</td>
<td title="Level">INFO</td>
<td title="com.design.patterns.App logger">com.design.patterns.App</td>
<td title="Message">Sparrow...</td>
</tr>

<tr>
<td>1675</td>
<td title="main thread">main</td>
<td title="Level">INFO</td>
<td title="com.design.patterns.App logger">com.design.patterns.App</td>
<td title="Message">Flying</td>
</tr>

<tr>
<td>1675</td>
<td title="main thread">main</td>
<td title="Level">INFO</td>
<td title="com.design.patterns.App logger">com.design.patterns.App</td>
<td title="Message">Chirp Chirp</td>
</tr>

<tr>
<td>1675</td>
<td title="main thread">main</td>
<td title="Level">INFO</td>
<td title="com.design.patterns.App logger">com.design.patterns.App</td>
<td title="Message">ToyDuck...</td>
</tr>

<tr>
<td>1676</td>
<td title="main thread">main</td>
<td title="Level">INFO</td>
<td title="com.design.patterns.App logger">com.design.patterns.App</td>
<td title="Message">Squeak</td>
</tr>

<tr>
<td>1706</td>
<td title="main thread">main</td>
<td title="Level">INFO</td>
<td title="com.design.patterns.App logger">com.design.patterns.App</td>
<td title="Message">Ready for landing.</td>
</tr>

<tr>
<td>1706</td>
<td title="main thread">main</td>
<td title="Level">INFO</td>
<td title="com.design.patterns.App logger">com.design.patterns.App</td>
<td title="Message">Landing permission granted.</td>
</tr>

<tr>
<td>1707</td>
<td title="main thread">main</td>
<td title="Level">INFO</td>
<td title="com.design.patterns.App logger">com.design.patterns.App</td>
<td title="Message">Successfully Landed.</td>
</tr>
</table>
<br>
</body></html>

<tr>
<td>1331</td>
<td title="main thread">main</td>
<td title="Level">INFO</td>
<td title="com.design.patterns.App logger">com.design.patterns.App</td>
<td title="Message">Blue color added</td>
</tr>

<tr>
<td>1334</td>
<td title="main thread">main</td>
<td title="Level">INFO</td>
<td title="com.design.patterns.App logger">com.design.patterns.App</td>
<td title="Message">Black color added</td>
</tr>

<tr>
<td>1336</td>
<td title="main thread">main</td>
<td title="Level">INFO</td>
<td title="com.design.patterns.App logger">com.design.patterns.App</td>
<td title="Message">Car </td>
</tr>

<tr>
<td>1336</td>
<td title="main thread">main</td>
<td title="Level">INFO</td>
<td title="com.design.patterns.App logger">com.design.patterns.App</td>
<td title="Message">Produced</td>
</tr>

<tr>
<td>1336</td>
<td title="main thread">main</td>
<td title="Level">INFO</td>
<td title="com.design.patterns.App logger">com.design.patterns.App</td>
<td title="Message"> And</td>
</tr>

<tr>
<td>1336</td>
<td title="main thread">main</td>
<td title="Level">INFO</td>
<td title="com.design.patterns.App logger">com.design.patterns.App</td>
<td title="Message"> Assembled.</td>
</tr>

<tr>
<td>1338</td>
<td title="main thread">main</td>
<td title="Level">INFO</td>
<td title="com.design.patterns.App logger">com.design.patterns.App</td>
<td title="Message">Sparrow...</td>
</tr>

<tr>
<td>1338</td>
<td title="main thread">main</td>
<td title="Level">INFO</td>
<td title="com.design.patterns.App logger">com.design.patterns.App</td>
<td title="Message">Flying</td>
</tr>

<tr>
<td>1338</td>
<td title="main thread">main</td>
<td title="Level">INFO</td>
<td title="com.design.patterns.App logger">com.design.patterns.App</td>
<td title="Message">Chirp Chirp</td>
</tr>

<tr>
<td>1338</td>
<td title="main thread">main</td>
<td title="Level">INFO</td>
<td title="com.design.patterns.App logger">com.design.patterns.App</td>
<td title="Message">ToyDuck...</td>
</tr>

<tr>
<td>1339</td>
<td title="main thread">main</td>
<td title="Level">INFO</td>
<td title="com.design.patterns.App logger">com.design.patterns.App</td>
<td title="Message">Squeak</td>
</tr>

<tr>
<td>1341</td>
<td title="main thread">main</td>
<td title="Level">INFO</td>
<td title="com.design.patterns.App logger">com.design.patterns.App</td>
<td title="Message">Ready for landing.</td>
</tr>

<tr>
<td>1342</td>
<td title="main thread">main</td>
<td title="Level">INFO</td>
<td title="com.design.patterns.App logger">com.design.patterns.App</td>
<td title="Message">Landing permission granted.</td>
</tr>

<tr>
<td>1342</td>
<td title="main thread">main</td>
<td title="Level">INFO</td>
<td title="com.design.patterns.App logger">com.design.patterns.App</td>
<td title="Message">Successfully Landed.</td>
</tr>
</table>
<br>
</body></html>
2020-03-11 09:28:01 INFO  App:43 - Blue color added
2020-03-11 09:28:01 INFO  App:58 - Black color added
2020-03-11 09:28:01 INFO  App:30 - Car 
2020-03-11 09:28:01 INFO  App:60 - Produced
2020-03-11 09:28:01 INFO  App:66 -  And
2020-03-11 09:28:01 INFO  App:67 -  Assembled.
2020-03-11 09:28:01 INFO  App:21 - Sparrow...
2020-03-11 09:28:01 INFO  App:18 - Flying
2020-03-11 09:28:01 INFO  App:22 - Chirp Chirp
2020-03-11 09:28:01 INFO  App:25 - ToyDuck...
2020-03-11 09:28:01 INFO  App:37 - Squeak
2020-03-11 09:28:01 INFO  App:76 - Ready for landing.
2020-03-11 09:28:01 INFO  App:93 - Landing permission granted.
2020-03-11 09:28:01 INFO  App:67 - Successfully Landed.

<tr>
<td>1351</td>
<td title="main thread">main</td>
<td title="Level">INFO</td>
<td title="com.design.patterns.App logger">com.design.patterns.App</td>
<td title="Message">Blue color added</td>
</tr>

<tr>
<td>1354</td>
<td title="main thread">main</td>
<td title="Level">INFO</td>
<td title="com.design.patterns.App logger">com.design.patterns.App</td>
<td title="Message">Black color added</td>
</tr>

<tr>
<td>1355</td>
<td title="main thread">main</td>
<td title="Level">INFO</td>
<td title="com.design.patterns.App logger">com.design.patterns.App</td>
<td title="Message">Car </td>
</tr>

<tr>
<td>1356</td>
<td title="main thread">main</td>
<td title="Level">INFO</td>
<td title="com.design.patterns.App logger">com.design.patterns.App</td>
<td title="Message">Produced</td>
</tr>

<tr>
<td>1356</td>
<td title="main thread">main</td>
<td title="Level">INFO</td>
<td title="com.design.patterns.App logger">com.design.patterns.App</td>
<td title="Message"> And</td>
</tr>

<tr>
<td>1356</td>
<td title="main thread">main</td>
<td title="Level">INFO</td>
<td title="com.design.patterns.App logger">com.design.patterns.App</td>
<td title="Message"> Assembled.</td>
</tr>

<tr>
<td>1357</td>
<td title="main thread">main</td>
<td title="Level">INFO</td>
<td title="com.design.patterns.App logger">com.design.patterns.App</td>
<td title="Message">Sparrow...</td>
</tr>

<tr>
<td>1358</td>
<td title="main thread">main</td>
<td title="Level">INFO</td>
<td title="com.design.patterns.App logger">com.design.patterns.App</td>
<td title="Message">Flying</td>
</tr>

<tr>
<td>1358</td>
<td title="main thread">main</td>
<td title="Level">INFO</td>
<td title="com.design.patterns.App logger">com.design.patterns.App</td>
<td title="Message">Chirp Chirp</td>
</tr>

<tr>
<td>1358</td>
<td title="main thread">main</td>
<td title="Level">INFO</td>
<td title="com.design.patterns.App logger">com.design.patterns.App</td>
<td title="Message">ToyDuck...</td>
</tr>

<tr>
<td>1358</td>
<td title="main thread">main</td>
<td title="Level">INFO</td>
<td title="com.design.patterns.App logger">com.design.patterns.App</td>
<td title="Message">Squeak</td>
</tr>

<tr>
<td>1361</td>
<td title="main thread">main</td>
<td title="Level">INFO</td>
<td title="com.design.patterns.App logger">com.design.patterns.App</td>
<td title="Message">Ready for landing.</td>
</tr>

<tr>
<td>1362</td>
<td title="main thread">main</td>
<td title="Level">INFO</td>
<td title="com.design.patterns.App logger">com.design.patterns.App</td>
<td title="Message">Landing permission granted.</td>
</tr>

<tr>
<td>1362</td>
<td title="main thread">main</td>
<td title="Level">INFO</td>
<td title="com.design.patterns.App logger">com.design.patterns.App</td>
<td title="Message">Successfully Landed.</td>
</tr>
</table>
<br>
</body></html>
